2019-10-08 19:21:10,777: DEBUG: Pikachu I choose you
2019-10-08 19:21:10,778: DEBUG: Pikachu use Thunder Bolt attack 
2019-10-08 19:21:10,778: DEBUG: Charmander I choose you
2019-10-08 19:21:10,778: DEBUG: Charmander use Fire Spin attack 
2019-10-08 19:21:54,394: DEBUG: Pikachu I choose you
2019-10-08 19:21:54,394: DEBUG: Pikachu use Thunder Bolt attack 
2019-10-08 19:21:54,395: DEBUG: Charmander I choose you
2019-10-08 19:21:54,395: DEBUG: Charmander use Fire Spin attack 
2019-10-08 19:22:54,619: DEBUG: Pikachu I choose you
2019-10-08 19:22:54,619: DEBUG: Pikachu use Thunder Bolt attack 
2019-10-08 19:22:54,619: DEBUG: Charmander I choose you
2019-10-08 19:22:54,619: DEBUG: Charmander use Fire Spin attack 
2019-10-08 19:23:05,158: DEBUG: Pikachu I choose you
2019-10-08 19:23:05,158: DEBUG: Pikachu use Thunder Bolt attack 
2019-10-08 19:23:05,158: DEBUG: Charmander I choose you
2019-10-08 19:23:05,158: DEBUG: Charmander use Fire Spin attack 
2019-10-08 19:23:56,639: DEBUG: Pikachu I choose you
2019-10-08 19:23:56,639: DEBUG: Pikachu use Thunder Bolt attack 
2019-10-08 19:23:56,639: DEBUG: Charmander I choose you
2019-10-08 19:23:56,640: DEBUG: Charmander use Fire Spin attack 
2019-10-08 19:34:34,572: DEBUG: Pikachu I choose you
2019-10-08 19:34:34,572: DEBUG: Pikachu use Thunder Bolt attack 
2019-10-08 19:34:34,572: DEBUG: Charmander I choose you
2019-10-08 19:34:34,572: DEBUG: Charmander use Fire Spin attack 
2019-10-08 19:34:40,583: DEBUG: Pikachu I choose you
2019-10-08 19:34:40,583: DEBUG: Pikachu use Thunder Bolt attack 
2019-10-08 19:34:40,583: DEBUG: Charmander I choose you
2019-10-08 19:34:40,583: DEBUG: Charmander use Fire Spin attack 
2019-10-08 21:58:27,155: DEBUG: Pikachu I choose you
2019-10-08 21:58:27,155: DEBUG: Pikachu use Thunder Bolt attack 
2019-10-08 21:58:27,155: DEBUG: Charmander I choose you
2019-10-08 21:58:27,155: DEBUG: Charmander use Fire Spin attack 
2019-10-08 21:58:27,156: DEBUG: Pikachu health is 100%
